<<<<<<< Updated upstream
﻿  Text_RPG.vcxproj -> C:\Users\jinca\OneDrive\바탕 화면\texr\x64\Debug\Text_RPG.exe
=======
﻿  Battle.cpp
C:\Users\민재\Desktop\Sparta\projects\unreal_2_15th_first\Battle.cpp(21,21): error C2039: 'getName': 'Player'의 멤버가 아닙니다.
      C:\Users\민재\Desktop\Sparta\projects\unreal_2_15th_first\Player.h(10,7):
      'Player' 선언을 참조하십시오.
  
C:\Users\민재\Desktop\Sparta\projects\unreal_2_15th_first\Battle.cpp(22,14): error C2039: 'setCurrHP': 'Monster'의 멤버가 아닙니다.
      C:\Users\민재\Desktop\Sparta\projects\unreal_2_15th_first\Monster.h(7,7):
      'Monster' 선언을 참조하십시오.
  
C:\Users\민재\Desktop\Sparta\projects\unreal_2_15th_first\Battle.cpp(22,36): error C2039: 'getCurrHP': 'Monster'의 멤버가 아닙니다.
      C:\Users\민재\Desktop\Sparta\projects\unreal_2_15th_first\Monster.h(7,7):
      'Monster' 선언을 참조하십시오.
  
C:\Users\민재\Desktop\Sparta\projects\unreal_2_15th_first\Battle.cpp(28,8): error C2660: 'SkillManager::UseSkill': 함수는 0개의 인수를 사용하지 않습니다.
      C:\Users\민재\Desktop\Sparta\projects\unreal_2_15th_first\SkillManager.h(26,10):
      'SkillManager::UseSkill' 선언을 참조하십시오.
      C:\Users\민재\Desktop\Sparta\projects\unreal_2_15th_first\Battle.cpp(28,8):
      인수 목록 '()'을(를) 일치시키는 동안
  
C:\Users\민재\Desktop\Sparta\projects\unreal_2_15th_first\Battle.cpp(34,21): error C2039: 'getName': 'Player'의 멤버가 아닙니다.
      C:\Users\민재\Desktop\Sparta\projects\unreal_2_15th_first\Player.h(10,7):
      'Player' 선언을 참조하십시오.
  
C:\Users\민재\Desktop\Sparta\projects\unreal_2_15th_first\Battle.cpp(34,72): error C2660: 'Consumable::itemUse': 함수는 0개의 인수를 사용하지 않습니다.
      C:\Users\민재\Desktop\Sparta\projects\unreal_2_15th_first\Inventory.h(29,6):
      'Consumable::itemUse' 선언을 참조하십시오.
      C:\Users\민재\Desktop\Sparta\projects\unreal_2_15th_first\Battle.cpp(34,72):
      인수 목록 '()'을(를) 일치시키는 동안
  
C:\Users\민재\Desktop\Sparta\projects\unreal_2_15th_first\Battle.cpp(40,12): error C3861: 'random': 식별자를 찾을 수 없습니다.
C:\Users\민재\Desktop\Sparta\projects\unreal_2_15th_first\Battle.cpp(59,22): error C2039: 'getName': 'Monster'의 멤버가 아닙니다.
      C:\Users\민재\Desktop\Sparta\projects\unreal_2_15th_first\Monster.h(7,7):
      'Monster' 선언을 참조하십시오.
  
C:\Users\민재\Desktop\Sparta\projects\unreal_2_15th_first\Battle.cpp(59,72): error C2039: 'getName': 'Player'의 멤버가 아닙니다.
      C:\Users\민재\Desktop\Sparta\projects\unreal_2_15th_first\Player.h(10,7):
      'Player' 선언을 참조하십시오.
  
C:\Users\민재\Desktop\Sparta\projects\unreal_2_15th_first\Battle.cpp(59,152): error C2039: 'getAttack': 'Monster'의 멤버가 아닙니다.
      C:\Users\민재\Desktop\Sparta\projects\unreal_2_15th_first\Monster.h(7,7):
      'Monster' 선언을 참조하십시오.
  
C:\Users\민재\Desktop\Sparta\projects\unreal_2_15th_first\Battle.cpp(60,13): error C2039: 'setCurrHP': 'Player'의 멤버가 아닙니다.
      C:\Users\민재\Desktop\Sparta\projects\unreal_2_15th_first\Player.h(10,7):
      'Player' 선언을 참조하십시오.
  
C:\Users\민재\Desktop\Sparta\projects\unreal_2_15th_first\Battle.cpp(60,34): error C2039: 'getCurrHP': 'Player'의 멤버가 아닙니다.
      C:\Users\민재\Desktop\Sparta\projects\unreal_2_15th_first\Player.h(10,7):
      'Player' 선언을 참조하십시오.
  
C:\Users\민재\Desktop\Sparta\projects\unreal_2_15th_first\Battle.cpp(60,60): error C2039: 'getAttack': 'Monster'의 멤버가 아닙니다.
      C:\Users\민재\Desktop\Sparta\projects\unreal_2_15th_first\Monster.h(7,7):
      'Monster' 선언을 참조하십시오.
  
C:\Users\민재\Desktop\Sparta\projects\unreal_2_15th_first\Battle.cpp(93,17): error C2039: 'getLevel': 'Player'의 멤버가 아닙니다.
      C:\Users\민재\Desktop\Sparta\projects\unreal_2_15th_first\Player.h(10,7):
      'Player' 선언을 참조하십시오.
  
C:\Users\민재\Desktop\Sparta\projects\unreal_2_15th_first\Battle.cpp(95,30): error C2039: 'getName': 'Player'의 멤버가 아닙니다.
      C:\Users\민재\Desktop\Sparta\projects\unreal_2_15th_first\Player.h(10,7):
      'Player' 선언을 참조하십시오.
  
C:\Users\민재\Desktop\Sparta\projects\unreal_2_15th_first\Battle.cpp(95,71): error C2039: 'getName': 'Monster'의 멤버가 아닙니다.
      C:\Users\민재\Desktop\Sparta\projects\unreal_2_15th_first\Monster.h(7,7):
      'Monster' 선언을 참조하십시오.
  
C:\Users\민재\Desktop\Sparta\projects\unreal_2_15th_first\Battle.cpp(96,21): error C2039: 'currHP': 'Player'의 멤버가 아닙니다.
      C:\Users\민재\Desktop\Sparta\projects\unreal_2_15th_first\Player.h(10,7):
      'Player' 선언을 참조하십시오.
  
C:\Users\민재\Desktop\Sparta\projects\unreal_2_15th_first\Battle.cpp(96,49): error C2039: 'currHP': 'Monster'의 멤버가 아닙니다.
      C:\Users\민재\Desktop\Sparta\projects\unreal_2_15th_first\Monster.h(7,7):
      'Monster' 선언을 참조하십시오.
  
C:\Users\민재\Desktop\Sparta\projects\unreal_2_15th_first\Battle.cpp(99,20): error C2039: 'currHP': 'Monster'의 멤버가 아닙니다.
      C:\Users\민재\Desktop\Sparta\projects\unreal_2_15th_first\Monster.h(7,7):
      'Monster' 선언을 참조하십시오.
  
C:\Users\민재\Desktop\Sparta\projects\unreal_2_15th_first\Battle.cpp(102,42): error C2039: 'getName': 'Monster'의 멤버가 아닙니다.
      C:\Users\민재\Desktop\Sparta\projects\unreal_2_15th_first\Monster.h(7,7):
      'Monster' 선언을 참조하십시오.
  
C:\Users\민재\Desktop\Sparta\projects\unreal_2_15th_first\Battle.cpp(106,19): error C2039: 'currHP': 'Player'의 멤버가 아닙니다.
      C:\Users\민재\Desktop\Sparta\projects\unreal_2_15th_first\Player.h(10,7):
      'Player' 선언을 참조하십시오.
  
C:\Users\민재\Desktop\Sparta\projects\unreal_2_15th_first\Battle.cpp(109,42): error C2039: 'getName': 'Monster'의 멤버가 아닙니다.
      C:\Users\민재\Desktop\Sparta\projects\unreal_2_15th_first\Monster.h(7,7):
      'Monster' 선언을 참조하십시오.
  
C:\Users\민재\Desktop\Sparta\projects\unreal_2_15th_first\Battle.cpp(109,96): error C2039: 'getName': 'Player'의 멤버가 아닙니다.
      C:\Users\민재\Desktop\Sparta\projects\unreal_2_15th_first\Player.h(10,7):
      'Player' 선언을 참조하십시오.
  
C:\Users\민재\Desktop\Sparta\projects\unreal_2_15th_first\Battle.cpp(116,31): error C2039: 'getName': 'Monster'의 멤버가 아닙니다.
      C:\Users\민재\Desktop\Sparta\projects\unreal_2_15th_first\Monster.h(7,7):
      'Monster' 선언을 참조하십시오.
  
C:\Users\민재\Desktop\Sparta\projects\unreal_2_15th_first\Battle.cpp(116,71): error C2039: 'getName': 'Player'의 멤버가 아닙니다.
      C:\Users\민재\Desktop\Sparta\projects\unreal_2_15th_first\Player.h(10,7):
      'Player' 선언을 참조하십시오.
  
C:\Users\민재\Desktop\Sparta\projects\unreal_2_15th_first\Battle.cpp(117,21): error C2039: 'currHP': 'Player'의 멤버가 아닙니다.
      C:\Users\민재\Desktop\Sparta\projects\unreal_2_15th_first\Player.h(10,7):
      'Player' 선언을 참조하십시오.
  
C:\Users\민재\Desktop\Sparta\projects\unreal_2_15th_first\Battle.cpp(117,50): error C2039: 'currHP': 'Monster'의 멤버가 아닙니다.
      C:\Users\민재\Desktop\Sparta\projects\unreal_2_15th_first\Monster.h(7,7):
      'Monster' 선언을 참조하십시오.
  
C:\Users\민재\Desktop\Sparta\projects\unreal_2_15th_first\Battle.cpp(120,19): error C2039: 'currHP': 'Player'의 멤버가 아닙니다.
      C:\Users\민재\Desktop\Sparta\projects\unreal_2_15th_first\Player.h(10,7):
      'Player' 선언을 참조하십시오.
  
C:\Users\민재\Desktop\Sparta\projects\unreal_2_15th_first\Battle.cpp(123,42): error C2039: 'getName': 'Monster'의 멤버가 아닙니다.
      C:\Users\민재\Desktop\Sparta\projects\unreal_2_15th_first\Monster.h(7,7):
      'Monster' 선언을 참조하십시오.
  
C:\Users\민재\Desktop\Sparta\projects\unreal_2_15th_first\Battle.cpp(123,96): error C2039: 'getName': 'Player'의 멤버가 아닙니다.
      C:\Users\민재\Desktop\Sparta\projects\unreal_2_15th_first\Player.h(10,7):
      'Player' 선언을 참조하십시오.
  
C:\Users\민재\Desktop\Sparta\projects\unreal_2_15th_first\Battle.cpp(129,42): error C2039: 'getName': 'Monster'의 멤버가 아닙니다.
      C:\Users\민재\Desktop\Sparta\projects\unreal_2_15th_first\Monster.h(7,7):
      'Monster' 선언을 참조하십시오.
  
C:\Users\민재\Desktop\Sparta\projects\unreal_2_15th_first\Battle.cpp(148,149): error C2039: 'getName': 'Player'의 멤버가 아닙니다.
      C:\Users\민재\Desktop\Sparta\projects\unreal_2_15th_first\Player.h(10,7):
      'Player' 선언을 참조하십시오.
  
>>>>>>> Stashed changes
